<?xml version="1.0" encoding="UTF-8"?>
<testng-results ignored="0" total="1" passed="1" failed="0" skipped="0">
  <reporter-output>
  </reporter-output>
  <suite started-at="2021-03-17T19:56:12 IST" name="Default suite" finished-at="2021-03-17T19:56:15 IST" duration-ms="3061">
    <groups>
    </groups>
    <test started-at="2021-03-17T19:56:12 IST" name="Default test" finished-at="2021-03-17T19:56:15 IST" duration-ms="3061">
      <class name="sample.Tests_GET">
        <test-method signature="test1()[pri:0, instance:sample.Tests_GET@793be5ca]" started-at="2021-03-17T19:56:12 IST" name="test1" finished-at="2021-03-17T19:56:15 IST" duration-ms="3021" status="PASS">
          <reporter-output>
          </reporter-output>
        </test-method> <!-- test1 -->
      </class> <!-- sample.Tests_GET -->
    </test> <!-- Default test -->
  </suite> <!-- Default suite -->
</testng-results>
